# JRE version: Java(TM) SE Runtime Environment (8.0_191-b12) (build 1.8.0_191-b12)
# Java VM: Java HotSpot(TM) 64-Bit Server VM (25.191-b12 mixed mode windows-amd64 compressed oops)
Heap:
 PSYoungGen      total 116224K, used 3485K [0x00000000d5e00000, 0x00000000e1d80000, 0x0000000100000000)
  eden space 103424K, 3% used [0x00000000d5e00000,0x00000000d6167538,0x00000000dc300000)
  from space 12800K, 0% used [0x00000000dc300000,0x00000000dc300000,0x00000000dcf80000)
  to   space 13312K, 0% used [0x00000000e1080000,0x00000000e1080000,0x00000000e1d80000)
 ParOldGen       total 88064K, used 16215K [0x0000000081a00000, 0x0000000087000000, 0x00000000d5e00000)
  object space 88064K, 18% used [0x0000000081a00000,0x00000000829d5dc0,0x0000000087000000)
 Metaspace       used 34442K, capacity 35840K, committed 35968K, reserved 1081344K
  class space    used 4405K, capacity 4680K, committed 4736K, reserved 1048576K
GC Heap History (10 events):
Event: 1.844 GC heap before
{Heap before GC invocations=5 (full 1):
 PSYoungGen      total 71680K, used 5117K [0x00000000d5e00000, 0x00000000da900000, 0x0000000100000000)
  eden space 66560K, 0% used [0x00000000d5e00000,0x00000000d5e00000,0x00000000d9f00000)
  from space 5120K, 99% used [0x00000000da400000,0x00000000da8ff608,0x00000000da900000)
  to   space 5120K, 0% used [0x00000000d9f00000,0x00000000d9f00000,0x00000000da400000)
 ParOldGen       total 87552K, used 5979K [0x0000000081a00000, 0x0000000086f80000, 0x00000000d5e00000)
  object space 87552K, 6% used [0x0000000081a00000,0x0000000081fd6d98,0x0000000086f80000)
 Metaspace       used 20617K, capacity 21168K, committed 21296K, reserved 1067008K
  class space    used 2676K, capacity 2828K, committed 2944K, reserved 1048576K
Event: 1.864 GC heap after
Heap after GC invocations=5 (full 1):
 PSYoungGen      total 71680K, used 0K [0x00000000d5e00000, 0x00000000da900000, 0x0000000100000000)
  eden space 66560K, 0% used [0x00000000d5e00000,0x00000000d5e00000,0x00000000d9f00000)
  from space 5120K, 0% used [0x00000000da400000,0x00000000da400000,0x00000000da900000)
  to   space 5120K, 0% used [0x00000000d9f00000,0x00000000d9f00000,0x00000000da400000)
 ParOldGen       total 55296K, used 6123K [0x0000000081a00000, 0x0000000085000000, 0x00000000d5e00000)
  object space 55296K, 11% used [0x0000000081a00000,0x0000000081ffad40,0x0000000085000000)
 Metaspace       used 20615K, capacity 21162K, committed 21296K, reserved 1067008K
  class space    used 2675K, capacity 2827K, committed 2944K, reserved 1048576K
}
Event: 2.694 GC heap before
{Heap before GC invocations=6 (full 1):
 PSYoungGen      total 71680K, used 66560K [0x00000000d5e00000, 0x00000000da900000, 0x0000000100000000)
  eden space 66560K, 100% used [0x00000000d5e00000,0x00000000d9f00000,0x00000000d9f00000)
  from space 5120K, 0% used [0x00000000da400000,0x00000000da400000,0x00000000da900000)
  to   space 5120K, 0% used [0x00000000d9f00000,0x00000000d9f00000,0x00000000da400000)
 ParOldGen       total 55296K, used 6123K [0x0000000081a00000, 0x0000000085000000, 0x00000000d5e00000)
  object space 55296K, 11% used [0x0000000081a00000,0x0000000081ffad40,0x0000000085000000)
 Metaspace       used 26858K, capacity 27700K, committed 28032K, reserved 1073152K
  class space    used 3450K, capacity 3656K, committed 3712K, reserved 1048576K
Event: 2.702 GC heap after
Heap after GC invocations=6 (full 1):
 PSYoungGen      total 71680K, used 5118K [0x00000000d5e00000, 0x00000000dd880000, 0x0000000100000000)
  eden space 66560K, 0% used [0x00000000d5e00000,0x00000000d5e00000,0x00000000d9f00000)
  from space 5120K, 99% used [0x00000000d9f00000,0x00000000da3ff900,0x00000000da400000)
  to   space 9216K, 0% used [0x00000000dcf80000,0x00000000dcf80000,0x00000000dd880000)
 ParOldGen       total 55296K, used 9320K [0x0000000081a00000, 0x0000000085000000, 0x00000000d5e00000)
  object space 55296K, 16% used [0x0000000081a00000,0x000000008231a050,0x0000000085000000)
 Metaspace       used 26858K, capacity 27700K, committed 28032K, reserved 1073152K
  class space    used 3450K, capacity 3656K, committed 3712K, reserved 1048576K
}
Event: 3.836 GC heap before
{Heap before GC invocations=7 (full 1):
 PSYoungGen      total 71680K, used 71678K [0x00000000d5e00000, 0x00000000dd880000, 0x0000000100000000)
  eden space 66560K, 100% used [0x00000000d5e00000,0x00000000d9f00000,0x00000000d9f00000)
  from space 5120K, 99% used [0x00000000d9f00000,0x00000000da3ff900,0x00000000da400000)
  to   space 9216K, 0% used [0x00000000dcf80000,0x00000000dcf80000,0x00000000dd880000)
 ParOldGen       total 55296K, used 9320K [0x0000000081a00000, 0x0000000085000000, 0x00000000d5e00000)
  object space 55296K, 16% used [0x0000000081a00000,0x000000008231a050,0x0000000085000000)
 Metaspace       used 32784K, capacity 34146K, committed 34432K, reserved 1079296K
  class space    used 4177K, capacity 4429K, committed 4480K, reserved 1048576K
Event: 3.848 GC heap after
Heap after GC invocations=7 (full 1):
 PSYoungGen      total 112640K, used 9195K [0x00000000d5e00000, 0x00000000dde00000, 0x0000000100000000)
  eden space 103424K, 0% used [0x00000000d5e00000,0x00000000d5e00000,0x00000000dc300000)
  from space 9216K, 99% used [0x00000000dcf80000,0x00000000dd87adc0,0x00000000dd880000)
  to   space 12800K, 0% used [0x00000000dc300000,0x00000000dc300000,0x00000000dcf80000)
 ParOldGen       total 55296K, used 13757K [0x0000000081a00000, 0x0000000085000000, 0x00000000d5e00000)
  object space 55296K, 24% used [0x0000000081a00000,0x000000008276f658,0x0000000085000000)
 Metaspace       used 32784K, capacity 34146K, committed 34432K, reserved 1079296K
  class space    used 4177K, capacity 4429K, committed 4480K, reserved 1048576K
}
Event: 4.063 GC heap before
{Heap before GC invocations=8 (full 1):
 PSYoungGen      total 112640K, used 23961K [0x00000000d5e00000, 0x00000000dde00000, 0x0000000100000000)
  eden space 103424K, 14% used [0x00000000d5e00000,0x00000000d6c6b798,0x00000000dc300000)
  from space 9216K, 99% used [0x00000000dcf80000,0x00000000dd87adc0,0x00000000dd880000)
  to   space 12800K, 0% used [0x00000000dc300000,0x00000000dc300000,0x00000000dcf80000)
 ParOldGen       total 55296K, used 13757K [0x0000000081a00000, 0x0000000085000000, 0x00000000d5e00000)
  object space 55296K, 24% used [0x0000000081a00000,0x000000008276f658,0x0000000085000000)
 Metaspace       used 33925K, capacity 35328K, committed 35456K, reserved 1079296K
  class space    used 4345K, capacity 4616K, committed 4736K, reserved 1048576K
Event: 4.070 GC heap after
Heap after GC invocations=8 (full 1):
 PSYoungGen      total 116224K, used 10715K [0x00000000d5e00000, 0x00000000e1d80000, 0x0000000100000000)
  eden space 103424K, 0% used [0x00000000d5e00000,0x00000000d5e00000,0x00000000dc300000)
  from space 12800K, 83% used [0x00000000dc300000,0x00000000dcd76ed8,0x00000000dcf80000)
  to   space 13312K, 0% used [0x00000000e1080000,0x00000000e1080000,0x00000000e1d80000)
 ParOldGen       total 55296K, used 13765K [0x0000000081a00000, 0x0000000085000000, 0x00000000d5e00000)
  object space 55296K, 24% used [0x0000000081a00000,0x0000000082771658,0x0000000085000000)
 Metaspace       used 33925K, capacity 35328K, committed 35456K, reserved 1079296K
  class space    used 4345K, capacity 4616K, committed 4736K, reserved 1048576K
}
Event: 4.070 GC heap before
{Heap before GC invocations=9 (full 2):
 PSYoungGen      total 116224K, used 10715K [0x00000000d5e00000, 0x00000000e1d80000, 0x0000000100000000)
  eden space 103424K, 0% used [0x00000000d5e00000,0x00000000d5e00000,0x00000000dc300000)
  from space 12800K, 83% used [0x00000000dc300000,0x00000000dcd76ed8,0x00000000dcf80000)
  to   space 13312K, 0% used [0x00000000e1080000,0x00000000e1080000,0x00000000e1d80000)
 ParOldGen       total 55296K, used 13765K [0x0000000081a00000, 0x0000000085000000, 0x00000000d5e00000)
  object space 55296K, 24% used [0x0000000081a00000,0x0000000082771658,0x0000000085000000)
 Metaspace       used 33925K, capacity 35328K, committed 35456K, reserved 1079296K
  class space    used 4345K, capacity 4616K, committed 4736K, reserved 1048576K
Event: 4.116 GC heap after
Heap after GC invocations=9 (full 2):
 PSYoungGen      total 116224K, used 0K [0x00000000d5e00000, 0x00000000e1d80000, 0x0000000100000000)
  eden space 103424K, 0% used [0x00000000d5e00000,0x00000000d5e00000,0x00000000dc300000)
  from space 12800K, 0% used [0x00000000dc300000,0x00000000dc300000,0x00000000dcf80000)
  to   space 13312K, 0% used [0x00000000e1080000,0x00000000e1080000,0x00000000e1d80000)
 ParOldGen       total 88064K, used 16215K [0x0000000081a00000, 0x0000000087000000, 0x00000000d5e00000)
  object space 88064K, 18% used [0x0000000081a00000,0x00000000829d5dc0,0x0000000087000000)
 Metaspace       used 33925K, capacity 35328K, committed 35456K, reserved 1079296K
  class space    used 4345K, capacity 4616K, committed 4736K, reserved 1048576K
}

